生成启动时间为 2018/7/22 21:26:17。
     1>项目“C:\Users\krialY\Desktop\desktopFile\design pattern\8-外观模式\facade\facade.vcxproj”在节点 2 上(build 个目标)。
     1>InitializeBuildStatus:
         正在创建“Debug\facade.unsuccessfulbuild”，因为已指定“AlwaysCreate”。
       ClCompile:
         d:\Software\editor\VS 2010\VC\bin\CL.exe /c /ZI /nologo /W3 /WX- /Od /Oy- /D WIN32 /D _DEBUG /D _CONSOLE /D _UNICODE /D UNICODE /Gm /EHsc /RTC1 /MDd /GS /fp:precise /Zc:wchar_t /Zc:forScope /Fo"Debug\\" /Fd"Debug\vc100.pdb" /Gd /TP /analyze- /errorReport:prompt main.cpp
         main.cpp
       ManifestResourceCompile:
         所有输出均为最新。
       Link:
         d:\Software\editor\VS 2010\VC\bin\link.exe /ERRORREPORT:PROMPT /OUT:"C:\Users\krialY\Desktop\desktopFile\design pattern\8-外观模式\facade\Debug\facade.exe" /INCREMENTAL /NOLOGO kernel32.lib user32.lib gdi32.lib winspool.lib comdlg32.lib advapi32.lib shell32.lib ole32.lib oleaut32.lib uuid.lib odbc32.lib odbccp32.lib /MANIFEST /ManifestFile:"Debug\facade.exe.intermediate.manifest" /MANIFESTUAC:"level='asInvoker' uiAccess='false'" /DEBUG /PDB:"C:\Users\krialY\Desktop\desktopFile\design pattern\8-外观模式\facade\Debug\facade.pdb" /SUBSYSTEM:CONSOLE /TLBID:1 /DYNAMICBASE /NXCOMPAT /IMPLIB:"C:\Users\krialY\Desktop\desktopFile\design pattern\8-外观模式\facade\Debug\facade.lib" /MACHINE:X86 Debug\facade.exe.embed.manifest.res
         Debug\main.obj
       Manifest:
         C:\Program Files (x86)\Microsoft SDKs\Windows\v7.0A\bin\mt.exe /nologo /verbose /out:"Debug\facade.exe.embed.manifest" /manifest Debug\facade.exe.intermediate.manifest
         所有输出均为最新。
       LinkEmbedManifest:
         所有输出均为最新。
         facade.vcxproj -> C:\Users\krialY\Desktop\desktopFile\design pattern\8-外观模式\facade\Debug\facade.exe
       FinalizeBuildStatus:
         正在删除文件“Debug\facade.unsuccessfulbuild”。
         正在对“Debug\facade.lastbuildstate”执行 Touch 任务。
     1>已完成生成项目“C:\Users\krialY\Desktop\desktopFile\design pattern\8-外观模式\facade\facade.vcxproj”(build 个目标)的操作。

生成成功。

已用时间 00:00:00.40
