生成启动时间为 2018/7/29 22:09:07。
     1>项目“C:\Users\krialY\Desktop\desktopFile\design pattern\10-观察者模式\Observer\Observer.vcxproj”在节点 2 上(build 个目标)。
     1>InitializeBuildStatus:
         正在创建“Debug\Observer.unsuccessfulbuild”，因为已指定“AlwaysCreate”。
       ClCompile:
         d:\Software\editor\VS 2010\VC\bin\CL.exe /c /ZI /nologo /W3 /WX- /Od /Oy- /D WIN32 /D _DEBUG /D _CONSOLE /D _UNICODE /D UNICODE /Gm /EHsc /RTC1 /MDd /GS /fp:precise /Zc:wchar_t /Zc:forScope /Fo"Debug\\" /Fd"Debug\vc100.pdb" /Gd /TP /analyze- /errorReport:prompt main.cpp
         main.cpp
       ManifestResourceCompile:
         所有输出均为最新。
       Link:
         d:\Software\editor\VS 2010\VC\bin\link.exe /ERRORREPORT:PROMPT /OUT:"C:\Users\krialY\Desktop\desktopFile\design pattern\10-观察者模式\Observer\Debug\Observer.exe" /INCREMENTAL /NOLOGO kernel32.lib user32.lib gdi32.lib winspool.lib comdlg32.lib advapi32.lib shell32.lib ole32.lib oleaut32.lib uuid.lib odbc32.lib odbccp32.lib /MANIFEST /ManifestFile:"Debug\Observer.exe.intermediate.manifest" /MANIFESTUAC:"level='asInvoker' uiAccess='false'" /DEBUG /PDB:"C:\Users\krialY\Desktop\desktopFile\design pattern\10-观察者模式\Observer\Debug\Observer.pdb" /SUBSYSTEM:CONSOLE /TLBID:1 /DYNAMICBASE /NXCOMPAT /IMPLIB:"C:\Users\krialY\Desktop\desktopFile\design pattern\10-观察者模式\Observer\Debug\Observer.lib" /MACHINE:X86 Debug\Observer.exe.embed.manifest.res
         Debug\main.obj
       Manifest:
         C:\Program Files (x86)\Microsoft SDKs\Windows\v7.0A\bin\mt.exe /nologo /verbose /out:"Debug\Observer.exe.embed.manifest" /manifest Debug\Observer.exe.intermediate.manifest
         所有输出均为最新。
       LinkEmbedManifest:
         所有输出均为最新。
         Observer.vcxproj -> C:\Users\krialY\Desktop\desktopFile\design pattern\10-观察者模式\Observer\Debug\Observer.exe
       FinalizeBuildStatus:
         正在删除文件“Debug\Observer.unsuccessfulbuild”。
         正在对“Debug\Observer.lastbuildstate”执行 Touch 任务。
     1>已完成生成项目“C:\Users\krialY\Desktop\desktopFile\design pattern\10-观察者模式\Observer\Observer.vcxproj”(build 个目标)的操作。

生成成功。

已用时间 00:00:00.60
